<?xml version="1.0" encoding="UTF-8"?>
<robot generator="Robot 3.2.1 (Python 3.8.3 on win32)" generated="20200622 04:41:26.782" rpa="false">
<suite id="s1" name="Login" source="C:\Users\Admin\PycharmProjects\DemoProject\TestCase\login.robot">
<test id="s1-t1" name="LoginTest">
<kw name="Open Browser" library="SeleniumLibrary">
<doc>Opens a new browser instance to the optional ``url``.</doc>
<arguments>
<arg>${url}</arg>
<arg>${browser}</arg>
</arguments>
<msg timestamp="20200622 04:41:28.432" level="INFO">Opening browser 'chrome' to base url 'https://www.facebook.com/'.</msg>
<status status="PASS" starttime="20200622 04:41:28.431" endtime="20200622 04:41:49.310"></status>
</kw>
<kw name="LoginIntoFacebook">
<kw name="Input Text" library="SeleniumLibrary">
<doc>Types the given ``text`` into the text field identified by ``locator``.</doc>
<arguments>
<arg>id:email</arg>
<arg>pnmekala@gmail.com</arg>
</arguments>
<msg timestamp="20200622 04:41:49.312" level="INFO">Typing text 'pnmekala@gmail.com' into text field 'id:email'.</msg>
<status status="PASS" starttime="20200622 04:41:49.311" endtime="20200622 04:41:50.576"></status>
</kw>
<kw name="Input Text" library="SeleniumLibrary">
<doc>Types the given ``text`` into the text field identified by ``locator``.</doc>
<arguments>
<arg>id:pass</arg>
<arg>PN#paramu01</arg>
</arguments>
<msg timestamp="20200622 04:41:50.577" level="INFO">Typing text 'PN#paramu01' into text field 'id:pass'.</msg>
<status status="PASS" starttime="20200622 04:41:50.576" endtime="20200622 04:41:51.083"></status>
</kw>
<kw name="Click Button" library="SeleniumLibrary">
<doc>Clicks the button identified by ``locator``.</doc>
<arguments>
<arg>xpath:.//input[@type= 'submit']</arg>
</arguments>
<msg timestamp="20200622 04:41:51.084" level="INFO">Clicking button 'xpath:.//input[@type= 'submit']'.</msg>
<status status="PASS" starttime="20200622 04:41:51.083" endtime="20200622 04:41:51.938"></status>
</kw>
<status status="PASS" starttime="20200622 04:41:49.311" endtime="20200622 04:41:51.939"></status>
</kw>
<kw name="Close Browser" library="SeleniumLibrary">
<doc>Closes the current browser.</doc>
<status status="PASS" starttime="20200622 04:41:51.940" endtime="20200622 04:41:55.634"></status>
</kw>
<status status="PASS" starttime="20200622 04:41:28.429" endtime="20200622 04:41:55.635" critical="yes"></status>
</test>
<status status="PASS" starttime="20200622 04:41:26.786" endtime="20200622 04:41:55.861"></status>
</suite>
<statistics>
<total>
<stat pass="1" fail="0">Critical Tests</stat>
<stat pass="1" fail="0">All Tests</stat>
</total>
<tag>
</tag>
<suite>
<stat pass="1" fail="0" id="s1" name="Login">Login</stat>
</suite>
</statistics>
<errors>
</errors>
</robot>
